[Licensing::Module] Trying to connect to existing licensing client channel...
Built from '6000.4/staging' branch; Version is '6000.4.1f1 (8535861f39e1) revision 8729990'; Using compiler version '194234433'; Build Type 'Release'
OS: 'Windows 11  (10.0.26200) Core' Language: 'ja' Physical Memory: 15999 MB
[Licensing::IpcConnector] Successfully connected to: "LicenseClient-23nex" at "2026-06-06T04:45:52.2627066Z"
BatchMode: 1, IsHumanControllingUs: 0, StartBugReporterOnCrash: 0, Is64bit: 1
System  architecture: x64
Process architecture: x64
Date: 2026-06-06T04:45:52Z

COMMAND LINE ARGUMENTS:
C:\Program Files\Unity\Hub\Editor\6000.4.1f1\Editor\Unity.exe
-projectPath
C:\Users\23nex\2-phase
-batchmode
-nographics
-executeMethod
WeightEvolution.RunHeadless
-quit
-logFile
C:\Users\23nex\2-phase\compilation_check.log
Successfully changed project path to: C:\Users\23nex\2-phase
C:/Users/23nex/2-phase
Exiting without the bug reporter. Application will terminate with return code 1